<?xml version="1.0" encoding="UTF-8"?>
<!-- Generated by org.testng.reporters.JUnitReportReporter -->
<testsuite hostname="Mahbubs-MacBook-Pro-2.local" failures="0" tests="2" name="com.careerhack.runners.SmokeTestRunner" time="15.465" errors="2" timestamp="16 Jul 2022 19:02:29 GMT" skipped="0">
  <testcase classname="com.careerhack.runners.SmokeTestRunner" name="runScenario" time="8.411">
    <error type="java.lang.NullPointerException">
      <![CDATA[java.lang.NullPointerException
at com.careerhack.steps.MajesticMayGoogleSearch.i_click_on_google_search_button(MajesticMayGoogleSearch.java:35)
at ✽.I click on google search button(file:///Users/mahbubsiddique/eclipse-workspace/MajesticMayQAF/Features/MajesticMayGoogleSearch.feature:9)
]]>
    </error>
  </testcase> <!-- runScenario -->
  <testcase classname="com.careerhack.runners.SmokeTestRunner" name="runScenario" time="7.054">
    <error type="java.lang.NullPointerException">
      <![CDATA[java.lang.NullPointerException
at com.careerhack.steps.MajesticMayGoogleSearch.i_click_on_google_search_button(MajesticMayGoogleSearch.java:35)
at ✽.I click on google search button(file:///Users/mahbubsiddique/eclipse-workspace/MajesticMayQAF/Features/MajesticMayGoogleSearch.feature:9)
]]>
    </error>
  </testcase> <!-- runScenario -->
</testsuite> <!-- com.careerhack.runners.SmokeTestRunner -->
