<?xml version="1.0" encoding="UTF-8"?>
<!-- Generated by org.testng.reporters.JUnitReportReporter -->
<testsuite hostname="Mahbubs-MacBook-Pro.local" failures="0" tests="2" name="com.careerhack.runners.SmokeTestRunner" time="0.101" errors="0" timestamp="03 Jul 2022 19:20:56 GMT" skipped="0">
  <testcase classname="com.careerhack.runners.SmokeTestRunner" name="runScenario" time="0.090"/>
  <testcase classname="com.careerhack.runners.SmokeTestRunner" name="runScenario" time="0.011"/>
</testsuite> <!-- com.careerhack.runners.SmokeTestRunner -->
